<?xml version="1.0" encoding="UTF-8"?>
<testsuite xmlns:xsi="http://www.w3.org/2001/XMLSchema-instance" xsi:noNamespaceSchemaLocation="https://maven.apache.org/surefire/maven-surefire-plugin/xsd/surefire-test-report-3.0.xsd" version="3.0" name="it.unipi.hadoop.AppTest" time="0.041" tests="1" errors="0" skipped="0" failures="0">
  <properties>
    <property name="java.specification.version" value="17"/>
    <property name="sun.cpu.isalist" value="amd64"/>
    <property name="sun.jnu.encoding" value="Cp1252"/>
    <property name="java.class.path" value="C:\Users\march\OneDrive\Documenti\GitHub\InvertedIndex\invertedIndex-InMapper\target\test-classes;C:\Users\march\OneDrive\Documenti\GitHub\InvertedIndex\invertedIndex-InMapper\target\classes;C:\Users\march\.m2\repository\junit\junit\3.8.1\junit-3.8.1.jar;C:\Users\march\.m2\repository\org\apache\hadoop\hadoop-mapreduce-client-jobclient\3.1.3\hadoop-mapreduce-client-jobclient-3.1.3.jar;C:\Users\march\.m2\repository\org\apache\hadoop\hadoop-mapreduce-client-common\3.1.3\hadoop-mapreduce-client-common-3.1.3.jar;C:\Users\march\.m2\repository\org\apache\hadoop\hadoop-yarn-common\3.1.3\hadoop-yarn-common-3.1.3.jar;C:\Users\march\.m2\repository\javax\xml\bind\jaxb-api\2.2.11\jaxb-api-2.2.11.jar;C:\Users\march\.m2\repository\com\sun\jersey\jersey-client\1.19\jersey-client-1.19.jar;C:\Users\march\.m2\repository\com\sun\jersey\contribs\jersey-guice\1.19\jersey-guice-1.19.jar;C:\Users\march\.m2\repository\com\fasterxml\jackson\module\jackson-module-jaxb-annotations\2.7.8\jackson-module-jaxb-annotations-2.7.8.jar;C:\Users\march\.m2\repository\com\fasterxml\jackson\jaxrs\jackson-jaxrs-json-provider\2.7.8\jackson-jaxrs-json-provider-2.7.8.jar;C:\Users\march\.m2\repository\com\fasterxml\jackson\jaxrs\jackson-jaxrs-base\2.7.8\jackson-jaxrs-base-2.7.8.jar;C:\Users\march\.m2\repository\org\apache\hadoop\hadoop-yarn-client\3.1.3\hadoop-yarn-client-3.1.3.jar;C:\Users\march\.m2\repository\org\apache\hadoop\hadoop-mapreduce-client-core\3.1.3\hadoop-mapreduce-client-core-3.1.3.jar;C:\Users\march\.m2\repository\com\google\protobuf\protobuf-java\2.5.0\protobuf-java-2.5.0.jar;C:\Users\march\.m2\repository\org\apache\avro\avro\1.7.7\avro-1.7.7.jar;C:\Users\march\.m2\repository\org\codehaus\jackson\jackson-core-asl\1.9.13\jackson-core-asl-1.9.13.jar;C:\Users\march\.m2\repository\org\codehaus\jackson\jackson-mapper-asl\1.9.13\jackson-mapper-asl-1.9.13.jar;C:\Users\march\.m2\repository\com\thoughtworks\paranamer\paranamer\2.3\paranamer-2.3.jar;C:\Users\march\.m2\repository\org\xerial\snappy\snappy-java\1.0.5\snappy-java-1.0.5.jar;C:\Users\march\.m2\repository\org\slf4j\slf4j-api\1.7.25\slf4j-api-1.7.25.jar;C:\Users\march\.m2\repository\org\slf4j\slf4j-log4j12\1.7.25\slf4j-log4j12-1.7.25.jar;C:\Users\march\.m2\repository\org\apache\hadoop\hadoop-annotations\3.1.3\hadoop-annotations-3.1.3.jar;C:\Users\march\.m2\repository\com\google\inject\extensions\guice-servlet\4.0\guice-servlet-4.0.jar;C:\Users\march\.m2\repository\com\google\inject\guice\4.0\guice-4.0.jar;C:\Users\march\.m2\repository\javax\inject\javax.inject\1\javax.inject-1.jar;C:\Users\march\.m2\repository\aopalliance\aopalliance\1.0\aopalliance-1.0.jar;C:\Users\march\.m2\repository\io\netty\netty\3.10.5.Final\netty-3.10.5.Final.jar;C:\Users\march\.m2\repository\org\apache\hadoop\hadoop-common\3.1.3\hadoop-common-3.1.3.jar;C:\Users\march\.m2\repository\com\google\guava\guava\27.0-jre\guava-27.0-jre.jar;C:\Users\march\.m2\repository\com\google\guava\failureaccess\1.0\failureaccess-1.0.jar;C:\Users\march\.m2\repository\com\google\guava\listenablefuture\9999.0-empty-to-avoid-conflict-with-guava\listenablefuture-9999.0-empty-to-avoid-conflict-with-guava.jar;C:\Users\march\.m2\repository\org\checkerframework\checker-qual\2.5.2\checker-qual-2.5.2.jar;C:\Users\march\.m2\repository\com\google\errorprone\error_prone_annotations\2.2.0\error_prone_annotations-2.2.0.jar;C:\Users\march\.m2\repository\com\google\j2objc\j2objc-annotations\1.1\j2objc-annotations-1.1.jar;C:\Users\march\.m2\repository\org\codehaus\mojo\animal-sniffer-annotations\1.17\animal-sniffer-annotations-1.17.jar;C:\Users\march\.m2\repository\commons-cli\commons-cli\1.2\commons-cli-1.2.jar;C:\Users\march\.m2\repository\org\apache\commons\commons-math3\3.1.1\commons-math3-3.1.1.jar;C:\Users\march\.m2\repository\org\apache\httpcomponents\httpclient\4.5.2\httpclient-4.5.2.jar;C:\Users\march\.m2\repository\org\apache\httpcomponents\httpcore\4.4.4\httpcore-4.4.4.jar;C:\Users\march\.m2\repository\commons-codec\commons-codec\1.11\commons-codec-1.11.jar;C:\Users\march\.m2\repository\commons-io\commons-io\2.5\commons-io-2.5.jar;C:\Users\march\.m2\repository\commons-net\commons-net\3.6\commons-net-3.6.jar;C:\Users\march\.m2\repository\commons-collections\commons-collections\3.2.2\commons-collections-3.2.2.jar;C:\Users\march\.m2\repository\javax\servlet\javax.servlet-api\3.1.0\javax.servlet-api-3.1.0.jar;C:\Users\march\.m2\repository\org\eclipse\jetty\jetty-server\9.3.24.v20180605\jetty-server-9.3.24.v20180605.jar;C:\Users\march\.m2\repository\org\eclipse\jetty\jetty-http\9.3.24.v20180605\jetty-http-9.3.24.v20180605.jar;C:\Users\march\.m2\repository\org\eclipse\jetty\jetty-io\9.3.24.v20180605\jetty-io-9.3.24.v20180605.jar;C:\Users\march\.m2\repository\org\eclipse\jetty\jetty-util\9.3.24.v20180605\jetty-util-9.3.24.v20180605.jar;C:\Users\march\.m2\repository\org\eclipse\jetty\jetty-servlet\9.3.24.v20180605\jetty-servlet-9.3.24.v20180605.jar;C:\Users\march\.m2\repository\org\eclipse\jetty\jetty-security\9.3.24.v20180605\jetty-security-9.3.24.v20180605.jar;C:\Users\march\.m2\repository\org\eclipse\jetty\jetty-webapp\9.3.24.v20180605\jetty-webapp-9.3.24.v20180605.jar;C:\Users\march\.m2\repository\org\eclipse\jetty\jetty-xml\9.3.24.v20180605\jetty-xml-9.3.24.v20180605.jar;C:\Users\march\.m2\repository\javax\servlet\jsp\jsp-api\2.1\jsp-api-2.1.jar;C:\Users\march\.m2\repository\com\sun\jersey\jersey-core\1.19\jersey-core-1.19.jar;C:\Users\march\.m2\repository\javax\ws\rs\jsr311-api\1.1.1\jsr311-api-1.1.1.jar;C:\Users\march\.m2\repository\com\sun\jersey\jersey-servlet\1.19\jersey-servlet-1.19.jar;C:\Users\march\.m2\repository\com\sun\jersey\jersey-json\1.19\jersey-json-1.19.jar;C:\Users\march\.m2\repository\org\codehaus\jettison\jettison\1.1\jettison-1.1.jar;C:\Users\march\.m2\repository\com\sun\xml\bind\jaxb-impl\2.2.3-1\jaxb-impl-2.2.3-1.jar;C:\Users\march\.m2\repository\org\codehaus\jackson\jackson-jaxrs\1.9.2\jackson-jaxrs-1.9.2.jar;C:\Users\march\.m2\repository\org\codehaus\jackson\jackson-xc\1.9.2\jackson-xc-1.9.2.jar;C:\Users\march\.m2\repository\com\sun\jersey\jersey-server\1.19\jersey-server-1.19.jar;C:\Users\march\.m2\repository\commons-logging\commons-logging\1.1.3\commons-logging-1.1.3.jar;C:\Users\march\.m2\repository\log4j\log4j\1.2.17\log4j-1.2.17.jar;C:\Users\march\.m2\repository\commons-lang\commons-lang\2.6\commons-lang-2.6.jar;C:\Users\march\.m2\repository\commons-beanutils\commons-beanutils\1.9.3\commons-beanutils-1.9.3.jar;C:\Users\march\.m2\repository\org\apache\commons\commons-configuration2\2.1.1\commons-configuration2-2.1.1.jar;C:\Users\march\.m2\repository\org\apache\commons\commons-lang3\3.4\commons-lang3-3.4.jar;C:\Users\march\.m2\repository\com\google\re2j\re2j\1.1\re2j-1.1.jar;C:\Users\march\.m2\repository\com\google\code\gson\gson\2.2.4\gson-2.2.4.jar;C:\Users\march\.m2\repository\org\apache\hadoop\hadoop-auth\3.1.3\hadoop-auth-3.1.3.jar;C:\Users\march\.m2\repository\com\nimbusds\nimbus-jose-jwt\4.41.1\nimbus-jose-jwt-4.41.1.jar;C:\Users\march\.m2\repository\com\github\stephenc\jcip\jcip-annotations\1.0-1\jcip-annotations-1.0-1.jar;C:\Users\march\.m2\repository\net\minidev\json-smart\2.3\json-smart-2.3.jar;C:\Users\march\.m2\repository\net\minidev\accessors-smart\1.2\accessors-smart-1.2.jar;C:\Users\march\.m2\repository\org\ow2\asm\asm\5.0.4\asm-5.0.4.jar;C:\Users\march\.m2\repository\org\apache\curator\curator-framework\2.13.0\curator-framework-2.13.0.jar;C:\Users\march\.m2\repository\com\jcraft\jsch\0.1.54\jsch-0.1.54.jar;C:\Users\march\.m2\repository\org\apache\curator\curator-client\2.13.0\curator-client-2.13.0.jar;C:\Users\march\.m2\repository\org\apache\curator\curator-recipes\2.13.0\curator-recipes-2.13.0.jar;C:\Users\march\.m2\repository\com\google\code\findbugs\jsr305\3.0.0\jsr305-3.0.0.jar;C:\Users\march\.m2\repository\org\apache\htrace\htrace-core4\4.1.0-incubating\htrace-core4-4.1.0-incubating.jar;C:\Users\march\.m2\repository\org\apache\zookeeper\zookeeper\3.4.13\zookeeper-3.4.13.jar;C:\Users\march\.m2\repository\jline\jline\0.9.94\jline-0.9.94.jar;C:\Users\march\.m2\repository\org\apache\yetus\audience-annotations\0.5.0\audience-annotations-0.5.0.jar;C:\Users\march\.m2\repository\org\apache\commons\commons-compress\1.18\commons-compress-1.18.jar;C:\Users\march\.m2\repository\org\apache\kerby\kerb-simplekdc\1.0.1\kerb-simplekdc-1.0.1.jar;C:\Users\march\.m2\repository\org\apache\kerby\kerb-client\1.0.1\kerb-client-1.0.1.jar;C:\Users\march\.m2\repository\org\apache\kerby\kerby-config\1.0.1\kerby-config-1.0.1.jar;C:\Users\march\.m2\repository\org\apache\kerby\kerb-core\1.0.1\kerb-core-1.0.1.jar;C:\Users\march\.m2\repository\org\apache\kerby\kerby-pkix\1.0.1\kerby-pkix-1.0.1.jar;C:\Users\march\.m2\repository\org\apache\kerby\kerby-asn1\1.0.1\kerby-asn1-1.0.1.jar;C:\Users\march\.m2\repository\org\apache\kerby\kerby-util\1.0.1\kerby-util-1.0.1.jar;C:\Users\march\.m2\repository\org\apache\kerby\kerb-common\1.0.1\kerb-common-1.0.1.jar;C:\Users\march\.m2\repository\org\apache\kerby\kerb-crypto\1.0.1\kerb-crypto-1.0.1.jar;C:\Users\march\.m2\repository\org\apache\kerby\kerb-util\1.0.1\kerb-util-1.0.1.jar;C:\Users\march\.m2\repository\org\apache\kerby\token-provider\1.0.1\token-provider-1.0.1.jar;C:\Users\march\.m2\repository\org\apache\kerby\kerb-admin\1.0.1\kerb-admin-1.0.1.jar;C:\Users\march\.m2\repository\org\apache\kerby\kerb-server\1.0.1\kerb-server-1.0.1.jar;C:\Users\march\.m2\repository\org\apache\kerby\kerb-identity\1.0.1\kerb-identity-1.0.1.jar;C:\Users\march\.m2\repository\org\apache\kerby\kerby-xdr\1.0.1\kerby-xdr-1.0.1.jar;C:\Users\march\.m2\repository\com\fasterxml\jackson\core\jackson-databind\2.7.8\jackson-databind-2.7.8.jar;C:\Users\march\.m2\repository\com\fasterxml\jackson\core\jackson-core\2.7.8\jackson-core-2.7.8.jar;C:\Users\march\.m2\repository\org\codehaus\woodstox\stax2-api\3.1.4\stax2-api-3.1.4.jar;C:\Users\march\.m2\repository\com\fasterxml\woodstox\woodstox-core\5.0.3\woodstox-core-5.0.3.jar;C:\Users\march\.m2\repository\org\apache\hadoop\hadoop-hdfs-client\3.1.3\hadoop-hdfs-client-3.1.3.jar;C:\Users\march\.m2\repository\com\squareup\okhttp\okhttp\2.7.5\okhttp-2.7.5.jar;C:\Users\march\.m2\repository\com\squareup\okio\okio\1.6.0\okio-1.6.0.jar;C:\Users\march\.m2\repository\com\fasterxml\jackson\core\jackson-annotations\2.7.8\jackson-annotations-2.7.8.jar;C:\Users\march\.m2\repository\org\apache\hadoop\hadoop-mapreduce-client-app\3.1.3\hadoop-mapreduce-client-app-3.1.3.jar;C:\Users\march\.m2\repository\org\apache\hadoop\hadoop-yarn-server-web-proxy\3.1.3\hadoop-yarn-server-web-proxy-3.1.3.jar;C:\Users\march\.m2\repository\org\apache\hadoop\hadoop-yarn-server-common\3.1.3\hadoop-yarn-server-common-3.1.3.jar;C:\Users\march\.m2\repository\org\apache\hadoop\hadoop-yarn-registry\3.1.3\hadoop-yarn-registry-3.1.3.jar;C:\Users\march\.m2\repository\commons-daemon\commons-daemon\1.0.13\commons-daemon-1.0.13.jar;C:\Users\march\.m2\repository\dnsjava\dnsjava\2.1.7\dnsjava-2.1.7.jar;C:\Users\march\.m2\repository\org\apache\geronimo\specs\geronimo-jcache_1.0_spec\1.0-alpha-1\geronimo-jcache_1.0_spec-1.0-alpha-1.jar;C:\Users\march\.m2\repository\org\ehcache\ehcache\3.3.1\ehcache-3.3.1.jar;C:\Users\march\.m2\repository\com\zaxxer\HikariCP-java7\2.4.12\HikariCP-java7-2.4.12.jar;C:\Users\march\.m2\repository\com\microsoft\sqlserver\mssql-jdbc\6.2.1.jre7\mssql-jdbc-6.2.1.jre7.jar;C:\Users\march\.m2\repository\org\apache\hadoop\hadoop-yarn-api\3.1.3\hadoop-yarn-api-3.1.3.jar;C:\Users\march\.m2\repository\org\apache\hadoop\hadoop-mapreduce-client-shuffle\3.1.3\hadoop-mapreduce-client-shuffle-3.1.3.jar;C:\Users\march\.m2\repository\org\apache\hadoop\hadoop-yarn-server-nodemanager\3.1.3\hadoop-yarn-server-nodemanager-3.1.3.jar;C:\Users\march\.m2\repository\io\dropwizard\metrics\metrics-core\3.2.4\metrics-core-3.2.4.jar;C:\Users\march\.m2\repository\org\fusesource\leveldbjni\leveldbjni-all\1.8\leveldbjni-all-1.8.jar;C:\Users\march\.m2\repository\org\apache\lucene\lucene-analyzers-common\8.11.2\lucene-analyzers-common-8.11.2.jar;C:\Users\march\.m2\repository\org\apache\lucene\lucene-core\8.11.2\lucene-core-8.11.2.jar;"/>
    <property name="java.vm.vendor" value="Amazon.com Inc."/>
    <property name="sun.arch.data.model" value="64"/>
    <property name="user.variant" value=""/>
    <property name="java.vendor.url" value="https://aws.amazon.com/corretto/"/>
    <property name="user.timezone" value="Europe/Rome"/>
    <property name="os.name" value="Windows 11"/>
    <property name="java.vm.specification.version" value="17"/>
    <property name="sun.java.launcher" value="SUN_STANDARD"/>
    <property name="user.country" value="IT"/>
    <property name="sun.boot.library.path" value="C:\Program Files\Amazon Corretto\jdk17.0.13_11\bin"/>
    <property name="sun.java.command" value="C:\Users\march\AppData\Local\Temp\surefire5997424824210694687\surefirebooter-20250612162124282_3.jar C:\Users\march\AppData\Local\Temp\surefire5997424824210694687 2025-06-12T16-21-23_915-jvmRun1 surefire-20250612162124282_1tmp surefire_0-20250612162124282_2tmp"/>
    <property name="jdk.debug" value="release"/>
    <property name="surefire.test.class.path" value="C:\Users\march\OneDrive\Documenti\GitHub\InvertedIndex\invertedIndex-InMapper\target\test-classes;C:\Users\march\OneDrive\Documenti\GitHub\InvertedIndex\invertedIndex-InMapper\target\classes;C:\Users\march\.m2\repository\junit\junit\3.8.1\junit-3.8.1.jar;C:\Users\march\.m2\repository\org\apache\hadoop\hadoop-mapreduce-client-jobclient\3.1.3\hadoop-mapreduce-client-jobclient-3.1.3.jar;C:\Users\march\.m2\repository\org\apache\hadoop\hadoop-mapreduce-client-common\3.1.3\hadoop-mapreduce-client-common-3.1.3.jar;C:\Users\march\.m2\repository\org\apache\hadoop\hadoop-yarn-common\3.1.3\hadoop-yarn-common-3.1.3.jar;C:\Users\march\.m2\repository\javax\xml\bind\jaxb-api\2.2.11\jaxb-api-2.2.11.jar;C:\Users\march\.m2\repository\com\sun\jersey\jersey-client\1.19\jersey-client-1.19.jar;C:\Users\march\.m2\repository\com\sun\jersey\contribs\jersey-guice\1.19\jersey-guice-1.19.jar;C:\Users\march\.m2\repository\com\fasterxml\jackson\module\jackson-module-jaxb-annotations\2.7.8\jackson-module-jaxb-annotations-2.7.8.jar;C:\Users\march\.m2\repository\com\fasterxml\jackson\jaxrs\jackson-jaxrs-json-provider\2.7.8\jackson-jaxrs-json-provider-2.7.8.jar;C:\Users\march\.m2\repository\com\fasterxml\jackson\jaxrs\jackson-jaxrs-base\2.7.8\jackson-jaxrs-base-2.7.8.jar;C:\Users\march\.m2\repository\org\apache\hadoop\hadoop-yarn-client\3.1.3\hadoop-yarn-client-3.1.3.jar;C:\Users\march\.m2\repository\org\apache\hadoop\hadoop-mapreduce-client-core\3.1.3\hadoop-mapreduce-client-core-3.1.3.jar;C:\Users\march\.m2\repository\com\google\protobuf\protobuf-java\2.5.0\protobuf-java-2.5.0.jar;C:\Users\march\.m2\repository\org\apache\avro\avro\1.7.7\avro-1.7.7.jar;C:\Users\march\.m2\repository\org\codehaus\jackson\jackson-core-asl\1.9.13\jackson-core-asl-1.9.13.jar;C:\Users\march\.m2\repository\org\codehaus\jackson\jackson-mapper-asl\1.9.13\jackson-mapper-asl-1.9.13.jar;C:\Users\march\.m2\repository\com\thoughtworks\paranamer\paranamer\2.3\paranamer-2.3.jar;C:\Users\march\.m2\repository\org\xerial\snappy\snappy-java\1.0.5\snappy-java-1.0.5.jar;C:\Users\march\.m2\repository\org\slf4j\slf4j-api\1.7.25\slf4j-api-1.7.25.jar;C:\Users\march\.m2\repository\org\slf4j\slf4j-log4j12\1.7.25\slf4j-log4j12-1.7.25.jar;C:\Users\march\.m2\repository\org\apache\hadoop\hadoop-annotations\3.1.3\hadoop-annotations-3.1.3.jar;C:\Users\march\.m2\repository\com\google\inject\extensions\guice-servlet\4.0\guice-servlet-4.0.jar;C:\Users\march\.m2\repository\com\google\inject\guice\4.0\guice-4.0.jar;C:\Users\march\.m2\repository\javax\inject\javax.inject\1\javax.inject-1.jar;C:\Users\march\.m2\repository\aopalliance\aopalliance\1.0\aopalliance-1.0.jar;C:\Users\march\.m2\repository\io\netty\netty\3.10.5.Final\netty-3.10.5.Final.jar;C:\Users\march\.m2\repository\org\apache\hadoop\hadoop-common\3.1.3\hadoop-common-3.1.3.jar;C:\Users\march\.m2\repository\com\google\guava\guava\27.0-jre\guava-27.0-jre.jar;C:\Users\march\.m2\repository\com\google\guava\failureaccess\1.0\failureaccess-1.0.jar;C:\Users\march\.m2\repository\com\google\guava\listenablefuture\9999.0-empty-to-avoid-conflict-with-guava\listenablefuture-9999.0-empty-to-avoid-conflict-with-guava.jar;C:\Users\march\.m2\repository\org\checkerframework\checker-qual\2.5.2\checker-qual-2.5.2.jar;C:\Users\march\.m2\repository\com\google\errorprone\error_prone_annotations\2.2.0\error_prone_annotations-2.2.0.jar;C:\Users\march\.m2\repository\com\google\j2objc\j2objc-annotations\1.1\j2objc-annotations-1.1.jar;C:\Users\march\.m2\repository\org\codehaus\mojo\animal-sniffer-annotations\1.17\animal-sniffer-annotations-1.17.jar;C:\Users\march\.m2\repository\commons-cli\commons-cli\1.2\commons-cli-1.2.jar;C:\Users\march\.m2\repository\org\apache\commons\commons-math3\3.1.1\commons-math3-3.1.1.jar;C:\Users\march\.m2\repository\org\apache\httpcomponents\httpclient\4.5.2\httpclient-4.5.2.jar;C:\Users\march\.m2\repository\org\apache\httpcomponents\httpcore\4.4.4\httpcore-4.4.4.jar;C:\Users\march\.m2\repository\commons-codec\commons-codec\1.11\commons-codec-1.11.jar;C:\Users\march\.m2\repository\commons-io\commons-io\2.5\commons-io-2.5.jar;C:\Users\march\.m2\repository\commons-net\commons-net\3.6\commons-net-3.6.jar;C:\Users\march\.m2\repository\commons-collections\commons-collections\3.2.2\commons-collections-3.2.2.jar;C:\Users\march\.m2\repository\javax\servlet\javax.servlet-api\3.1.0\javax.servlet-api-3.1.0.jar;C:\Users\march\.m2\repository\org\eclipse\jetty\jetty-server\9.3.24.v20180605\jetty-server-9.3.24.v20180605.jar;C:\Users\march\.m2\repository\org\eclipse\jetty\jetty-http\9.3.24.v20180605\jetty-http-9.3.24.v20180605.jar;C:\Users\march\.m2\repository\org\eclipse\jetty\jetty-io\9.3.24.v20180605\jetty-io-9.3.24.v20180605.jar;C:\Users\march\.m2\repository\org\eclipse\jetty\jetty-util\9.3.24.v20180605\jetty-util-9.3.24.v20180605.jar;C:\Users\march\.m2\repository\org\eclipse\jetty\jetty-servlet\9.3.24.v20180605\jetty-servlet-9.3.24.v20180605.jar;C:\Users\march\.m2\repository\org\eclipse\jetty\jetty-security\9.3.24.v20180605\jetty-security-9.3.24.v20180605.jar;C:\Users\march\.m2\repository\org\eclipse\jetty\jetty-webapp\9.3.24.v20180605\jetty-webapp-9.3.24.v20180605.jar;C:\Users\march\.m2\repository\org\eclipse\jetty\jetty-xml\9.3.24.v20180605\jetty-xml-9.3.24.v20180605.jar;C:\Users\march\.m2\repository\javax\servlet\jsp\jsp-api\2.1\jsp-api-2.1.jar;C:\Users\march\.m2\repository\com\sun\jersey\jersey-core\1.19\jersey-core-1.19.jar;C:\Users\march\.m2\repository\javax\ws\rs\jsr311-api\1.1.1\jsr311-api-1.1.1.jar;C:\Users\march\.m2\repository\com\sun\jersey\jersey-servlet\1.19\jersey-servlet-1.19.jar;C:\Users\march\.m2\repository\com\sun\jersey\jersey-json\1.19\jersey-json-1.19.jar;C:\Users\march\.m2\repository\org\codehaus\jettison\jettison\1.1\jettison-1.1.jar;C:\Users\march\.m2\repository\com\sun\xml\bind\jaxb-impl\2.2.3-1\jaxb-impl-2.2.3-1.jar;C:\Users\march\.m2\repository\org\codehaus\jackson\jackson-jaxrs\1.9.2\jackson-jaxrs-1.9.2.jar;C:\Users\march\.m2\repository\org\codehaus\jackson\jackson-xc\1.9.2\jackson-xc-1.9.2.jar;C:\Users\march\.m2\repository\com\sun\jersey\jersey-server\1.19\jersey-server-1.19.jar;C:\Users\march\.m2\repository\commons-logging\commons-logging\1.1.3\commons-logging-1.1.3.jar;C:\Users\march\.m2\repository\log4j\log4j\1.2.17\log4j-1.2.17.jar;C:\Users\march\.m2\repository\commons-lang\commons-lang\2.6\commons-lang-2.6.jar;C:\Users\march\.m2\repository\commons-beanutils\commons-beanutils\1.9.3\commons-beanutils-1.9.3.jar;C:\Users\march\.m2\repository\org\apache\commons\commons-configuration2\2.1.1\commons-configuration2-2.1.1.jar;C:\Users\march\.m2\repository\org\apache\commons\commons-lang3\3.4\commons-lang3-3.4.jar;C:\Users\march\.m2\repository\com\google\re2j\re2j\1.1\re2j-1.1.jar;C:\Users\march\.m2\repository\com\google\code\gson\gson\2.2.4\gson-2.2.4.jar;C:\Users\march\.m2\repository\org\apache\hadoop\hadoop-auth\3.1.3\hadoop-auth-3.1.3.jar;C:\Users\march\.m2\repository\com\nimbusds\nimbus-jose-jwt\4.41.1\nimbus-jose-jwt-4.41.1.jar;C:\Users\march\.m2\repository\com\github\stephenc\jcip\jcip-annotations\1.0-1\jcip-annotations-1.0-1.jar;C:\Users\march\.m2\repository\net\minidev\json-smart\2.3\json-smart-2.3.jar;C:\Users\march\.m2\repository\net\minidev\accessors-smart\1.2\accessors-smart-1.2.jar;C:\Users\march\.m2\repository\org\ow2\asm\asm\5.0.4\asm-5.0.4.jar;C:\Users\march\.m2\repository\org\apache\curator\curator-framework\2.13.0\curator-framework-2.13.0.jar;C:\Users\march\.m2\repository\com\jcraft\jsch\0.1.54\jsch-0.1.54.jar;C:\Users\march\.m2\repository\org\apache\curator\curator-client\2.13.0\curator-client-2.13.0.jar;C:\Users\march\.m2\repository\org\apache\curator\curator-recipes\2.13.0\curator-recipes-2.13.0.jar;C:\Users\march\.m2\repository\com\google\code\findbugs\jsr305\3.0.0\jsr305-3.0.0.jar;C:\Users\march\.m2\repository\org\apache\htrace\htrace-core4\4.1.0-incubating\htrace-core4-4.1.0-incubating.jar;C:\Users\march\.m2\repository\org\apache\zookeeper\zookeeper\3.4.13\zookeeper-3.4.13.jar;C:\Users\march\.m2\repository\jline\jline\0.9.94\jline-0.9.94.jar;C:\Users\march\.m2\repository\org\apache\yetus\audience-annotations\0.5.0\audience-annotations-0.5.0.jar;C:\Users\march\.m2\repository\org\apache\commons\commons-compress\1.18\commons-compress-1.18.jar;C:\Users\march\.m2\repository\org\apache\kerby\kerb-simplekdc\1.0.1\kerb-simplekdc-1.0.1.jar;C:\Users\march\.m2\repository\org\apache\kerby\kerb-client\1.0.1\kerb-client-1.0.1.jar;C:\Users\march\.m2\repository\org\apache\kerby\kerby-config\1.0.1\kerby-config-1.0.1.jar;C:\Users\march\.m2\repository\org\apache\kerby\kerb-core\1.0.1\kerb-core-1.0.1.jar;C:\Users\march\.m2\repository\org\apache\kerby\kerby-pkix\1.0.1\kerby-pkix-1.0.1.jar;C:\Users\march\.m2\repository\org\apache\kerby\kerby-asn1\1.0.1\kerby-asn1-1.0.1.jar;C:\Users\march\.m2\repository\org\apache\kerby\kerby-util\1.0.1\kerby-util-1.0.1.jar;C:\Users\march\.m2\repository\org\apache\kerby\kerb-common\1.0.1\kerb-common-1.0.1.jar;C:\Users\march\.m2\repository\org\apache\kerby\kerb-crypto\1.0.1\kerb-crypto-1.0.1.jar;C:\Users\march\.m2\repository\org\apache\kerby\kerb-util\1.0.1\kerb-util-1.0.1.jar;C:\Users\march\.m2\repository\org\apache\kerby\token-provider\1.0.1\token-provider-1.0.1.jar;C:\Users\march\.m2\repository\org\apache\kerby\kerb-admin\1.0.1\kerb-admin-1.0.1.jar;C:\Users\march\.m2\repository\org\apache\kerby\kerb-server\1.0.1\kerb-server-1.0.1.jar;C:\Users\march\.m2\repository\org\apache\kerby\kerb-identity\1.0.1\kerb-identity-1.0.1.jar;C:\Users\march\.m2\repository\org\apache\kerby\kerby-xdr\1.0.1\kerby-xdr-1.0.1.jar;C:\Users\march\.m2\repository\com\fasterxml\jackson\core\jackson-databind\2.7.8\jackson-databind-2.7.8.jar;C:\Users\march\.m2\repository\com\fasterxml\jackson\core\jackson-core\2.7.8\jackson-core-2.7.8.jar;C:\Users\march\.m2\repository\org\codehaus\woodstox\stax2-api\3.1.4\stax2-api-3.1.4.jar;C:\Users\march\.m2\repository\com\fasterxml\woodstox\woodstox-core\5.0.3\woodstox-core-5.0.3.jar;C:\Users\march\.m2\repository\org\apache\hadoop\hadoop-hdfs-client\3.1.3\hadoop-hdfs-client-3.1.3.jar;C:\Users\march\.m2\repository\com\squareup\okhttp\okhttp\2.7.5\okhttp-2.7.5.jar;C:\Users\march\.m2\repository\com\squareup\okio\okio\1.6.0\okio-1.6.0.jar;C:\Users\march\.m2\repository\com\fasterxml\jackson\core\jackson-annotations\2.7.8\jackson-annotations-2.7.8.jar;C:\Users\march\.m2\repository\org\apache\hadoop\hadoop-mapreduce-client-app\3.1.3\hadoop-mapreduce-client-app-3.1.3.jar;C:\Users\march\.m2\repository\org\apache\hadoop\hadoop-yarn-server-web-proxy\3.1.3\hadoop-yarn-server-web-proxy-3.1.3.jar;C:\Users\march\.m2\repository\org\apache\hadoop\hadoop-yarn-server-common\3.1.3\hadoop-yarn-server-common-3.1.3.jar;C:\Users\march\.m2\repository\org\apache\hadoop\hadoop-yarn-registry\3.1.3\hadoop-yarn-registry-3.1.3.jar;C:\Users\march\.m2\repository\commons-daemon\commons-daemon\1.0.13\commons-daemon-1.0.13.jar;C:\Users\march\.m2\repository\dnsjava\dnsjava\2.1.7\dnsjava-2.1.7.jar;C:\Users\march\.m2\repository\org\apache\geronimo\specs\geronimo-jcache_1.0_spec\1.0-alpha-1\geronimo-jcache_1.0_spec-1.0-alpha-1.jar;C:\Users\march\.m2\repository\org\ehcache\ehcache\3.3.1\ehcache-3.3.1.jar;C:\Users\march\.m2\repository\com\zaxxer\HikariCP-java7\2.4.12\HikariCP-java7-2.4.12.jar;C:\Users\march\.m2\repository\com\microsoft\sqlserver\mssql-jdbc\6.2.1.jre7\mssql-jdbc-6.2.1.jre7.jar;C:\Users\march\.m2\repository\org\apache\hadoop\hadoop-yarn-api\3.1.3\hadoop-yarn-api-3.1.3.jar;C:\Users\march\.m2\repository\org\apache\hadoop\hadoop-mapreduce-client-shuffle\3.1.3\hadoop-mapreduce-client-shuffle-3.1.3.jar;C:\Users\march\.m2\repository\org\apache\hadoop\hadoop-yarn-server-nodemanager\3.1.3\hadoop-yarn-server-nodemanager-3.1.3.jar;C:\Users\march\.m2\repository\io\dropwizard\metrics\metrics-core\3.2.4\metrics-core-3.2.4.jar;C:\Users\march\.m2\repository\org\fusesource\leveldbjni\leveldbjni-all\1.8\leveldbjni-all-1.8.jar;C:\Users\march\.m2\repository\org\apache\lucene\lucene-analyzers-common\8.11.2\lucene-analyzers-common-8.11.2.jar;C:\Users\march\.m2\repository\org\apache\lucene\lucene-core\8.11.2\lucene-core-8.11.2.jar;"/>
    <property name="sun.cpu.endian" value="little"/>
    <property name="user.home" value="C:\Users\march"/>
    <property name="user.language" value="it"/>
    <property name="java.specification.vendor" value="Oracle Corporation"/>
    <property name="java.version.date" value="2024-10-15"/>
    <property name="java.home" value="C:\Program Files\Amazon Corretto\jdk17.0.13_11"/>
    <property name="file.separator" value="\"/>
    <property name="basedir" value="C:\Users\march\OneDrive\Documenti\GitHub\InvertedIndex\invertedIndex-InMapper"/>
    <property name="java.vm.compressedOopsMode" value="32-bit"/>
    <property name="line.separator" value="&#10;"/>
    <property name="java.vm.specification.vendor" value="Oracle Corporation"/>
    <property name="java.specification.name" value="Java Platform API Specification"/>
    <property name="surefire.real.class.path" value="C:\Users\march\AppData\Local\Temp\surefire5997424824210694687\surefirebooter-20250612162124282_3.jar"/>
    <property name="user.script" value=""/>
    <property name="sun.management.compiler" value="HotSpot 64-Bit Tiered Compilers"/>
    <property name="java.runtime.version" value="17.0.13+11-LTS"/>
    <property name="user.name" value="march"/>
    <property name="path.separator" value=";"/>
    <property name="os.version" value="10.0"/>
    <property name="java.runtime.name" value="OpenJDK Runtime Environment"/>
    <property name="file.encoding" value="Cp1252"/>
    <property name="java.vm.name" value="OpenJDK 64-Bit Server VM"/>
    <property name="java.vendor.version" value="Corretto-17.0.13.11.1"/>
    <property name="localRepository" value="C:\Users\march\.m2\repository"/>
    <property name="java.vendor.url.bug" value="https://github.com/corretto/corretto-17/issues/"/>
    <property name="java.io.tmpdir" value="C:\Users\march\AppData\Local\Temp\"/>
    <property name="java.version" value="17.0.13"/>
    <property name="user.dir" value="C:\Users\march\OneDrive\Documenti\GitHub\InvertedIndex\invertedIndex-InMapper"/>
    <property name="os.arch" value="amd64"/>
    <property name="java.vm.specification.name" value="Java Virtual Machine Specification"/>
    <property name="sun.os.patch.level" value=""/>
    <property name="native.encoding" value="Cp1252"/>
    <property name="java.library.path" value="C:\Program Files\Amazon Corretto\jdk17.0.13_11\bin;C:\WINDOWS\Sun\Java\bin;C:\WINDOWS\system32;C:\WINDOWS;C:\Program Files\Amazon Corretto\jdk17.0.13_11\bin;C:\Program Files\Microsoft\jdk-11.0.16.101-hotspot\bin;C:\Program Files\Common Files\Oracle\Java\javapath;C:\Windows\system32;C:\Windows;C:\Windows\System32\Wbem;C:\Windows\System32\WindowsPowerShell\v1.0\;C:\Windows\System32\OpenSSH\;C:\Program Files (x86)\NVIDIA Corporation\PhysX\Common;C:\Program Files (x86)\mingw-w64\ti prego\mingw32;C:\WINDOWS\system32;C:\WINDOWS;C:\WINDOWS\System32\Wbem;C:\WINDOWS\System32\WindowsPowerShell\v1.0\;C:\WINDOWS\System32\OpenSSH\;C:\Program Files\Microsoft VS Code\bin;C:\Program Files\dotnet\;C:\Program Files\Amazon Corretto\jdk17.0.13_11\bin;C:\Program Files\MATLAB\R2024b\bin;C:\Program Files\MongoDB\Server\8.0\bin;C:\Program Files\PuTTY\;C:\apache-maven-3.9.9\bin;C:\Program Files\Git\cmd;C:\Users\march\AppData\Local\Programs\Python\Python313\Scripts\;C:\Users\march\AppData\Local\Programs\Python\Python313\;C:\Program Files\MySQL\MySQL Shell 8.0\bin\;C:\Users\march\AppData\Local\Programs\Python\Python310\Scripts\;C:\Users\march\AppData\Local\Programs\Python\Python310\;C:\Users\march\AppData\Local\Microsoft\WindowsApps;C:\Program Files\JetBrains\CLion 2020.2.36\bin;C:\Program Files (x86)\mingw-w64\ti prego\mingw32;C:\MinGW\bin;C:\Users\march\AppData\Local\Programs\Microsoft VS Code\bin;C:\iverilog\bin;C:\iverilog\gtkwave\bin;C:\Program Files\JetBrains\PyCharm Community Edition 2023.2.1\bin;C:\Program Files\JetBrains\PyCharm 2023.2.3\bin;C:\Users\march\AppData\Roaming\Programs\Zero Install;C:\Users\march\AppData\Local\Programs\mongosh\;C:\Users\march\AppData\Local\GitHubDesktop\bin;C:\Users\march\AppData\Local\JetBrains\Toolbox\scripts;;C:\Users\march\AppData\Local\Microsoft\WindowsApps;C:\Users\march\AppData\Local\Programs\cursor\resources\app\bin;."/>
    <property name="java.vm.info" value="mixed mode, sharing"/>
    <property name="java.vendor" value="Amazon.com Inc."/>
    <property name="java.vm.version" value="17.0.13+11-LTS"/>
    <property name="java.specification.maintenance.version" value="1"/>
    <property name="sun.io.unicode.encoding" value="UnicodeLittle"/>
    <property name="java.class.version" value="61.0"/>
  </properties>
  <testcase name="testApp" classname="it.unipi.hadoop.AppTest" time="0.003"/>
</testsuite>